<?xml version="1.0" encoding="UTF-8"?>
<!-- Generated by org.testng.reporters.JUnitReportReporter -->
<testsuite hostname="DESKTOP-2DP96CH" failures="0" tests="6" name="Tests.LogInTest" time="104.332" errors="0" timestamp="2021-06-11T20:24:39 CEST" skipped="0">
  <testcase classname="Tests.LogInTest" name="logOut" time="18.797"/>
  <system-out/>
  <testcase classname="Tests.LogInTest" name="logInWithInvalidCredential" time="13.173"/>
  <system-out/>
  <testcase classname="Tests.LogInTest" name="logInWithEmtyEmail" time="13.137"/>
  <system-out/>
  <testcase classname="Tests.LogInTest" name="logInWithEmtyPassword" time="11.497"/>
  <system-out/>
  <testcase classname="Tests.LogInTest" name="logInWithEmtyCredentials" time="24.642"/>
  <system-out/>
  <testcase classname="Tests.LogInTest" name="logInWIthValidCredential" time="23.086"/>
  <system-out/>
</testsuite> <!-- Tests.LogInTest -->
