<?xml version="1.0" encoding="UTF-8"?>
<!-- Generated by org.testng.reporters.JUnitReportReporter -->
<testsuite hostname="DESKTOP-2DP96CH" failures="0" tests="1" name="Tests111.Proba111" time="7.307" errors="0" timestamp="2021-06-11T17:12:07 CEST" skipped="0">
  <testcase classname="Tests111.Proba111" name="test" time="7.307"/>
  <system-out/>
</testsuite> <!-- Tests111.Proba111 -->
