<?xml version="1.0" encoding="UTF-8"?>
<!-- Generated by org.testng.reporters.JUnitReportReporter -->
<testsuite hostname="DESKTOP-2DP96CH" failures="0" tests="1" name="Tests.MyWishListTests" time="74.024" errors="0" timestamp="2021-06-15T19:57:21 CEST" skipped="0">
  <testcase classname="Tests.MyWishListTests" name="addingMultipleWishLists" time="74.024"/>
  <system-out/>
</testsuite> <!-- Tests.MyWishListTests -->
