<?xml version="1.0" encoding="UTF-8"?>
<!-- Generated by org.testng.reporters.JUnitReportReporter -->
<testsuite hostname="DESKTOP-2DP96CH" failures="0" tests="1" name="Tests.MyPersonalInfoTest" time="54.553" errors="0" timestamp="2021-06-15T17:44:18 CEST" skipped="0">
  <testcase classname="Tests.MyPersonalInfoTest" name="editMyPersonalInformation" time="54.553"/>
  <system-out/>
</testsuite> <!-- Tests.MyPersonalInfoTest -->
